[{"line":1,"elements":[{"line":3,"name":"","description":"","type":"background","keyword":"Background","steps":[{"result":{"duration":7746166100,"status":"passed"},"line":4,"name":"User is on the home page1","match":{"location":"stepdefination.Allcategoriespagestep.user_is_on_the_home_page1()"},"keyword":"Given "},{"result":{"duration":2099032600,"status":"passed"},"line":5,"name":"user click on alert1","match":{"location":"stepdefination.Allcategoriespagestep.user_click_on_alert1()"},"keyword":"Then "}]},{"start_timestamp":"2024-07-01T13:23:07.273Z","line":7,"name":"User customize product and purchess","description":"","id":"allcategoriespage-action;user-customize-product-and-purchess","type":"scenario","keyword":"Scenario","steps":[{"result":{"duration":2189658400,"status":"passed"},"line":8,"name":"User click on allcategoriespage","match":{"location":"stepdefination.Allcategoriespagestep.user_click_on_allcategoriespage()"},"keyword":"Given "},{"result":{"error_message":"org.openqa.selenium.NoSuchElementException: no such element: Unable to locate element: {\"method\":\"xpath\",\"selector\":\"//a[text()='makeup']\"}\n  (Session info: chrome=126.0.6478.127)\nFor documentation on this error, please visit: https://www.selenium.dev/documentation/webdriver/troubleshooting/errors#no-such-element-exception\nBuild info: version: '4.19.1', revision: 'abe0ee07dc'\nSystem info: os.name: 'Windows 11', os.arch: 'amd64', os.version: '10.0', java.version: '17.0.4.1'\nDriver info: org.openqa.selenium.chrome.ChromeDriver\nCommand: [3795c11062d51d885d29ccf216a8c36e, findElement {value=//a[text()='makeup'], using=xpath}]\nCapabilities {acceptInsecureCerts: false, browserName: chrome, browserVersion: 126.0.6478.127, chrome: {chromedriverVersion: 126.0.6478.63 (df799988fdc9..., userDataDir: C:\\Users\\shree\\AppData\\Loca...}, fedcm:accounts: true, goog:chromeOptions: {debuggerAddress: localhost:61195}, networkConnectionEnabled: false, pageLoadStrategy: normal, platformName: windows, proxy: Proxy(), se:cdp: ws://localhost:61195/devtoo..., se:cdpVersion: 126.0.6478.127, setWindowRect: true, strictFileInteractability: false, timeouts: {implicit: 0, pageLoad: 300000, script: 30000}, unhandledPromptBehavior: dismiss and notify, webauthn:extension:credBlob: true, webauthn:extension:largeBlob: true, webauthn:extension:minPinLength: true, webauthn:extension:prf: true, webauthn:virtualAuthenticators: true}\nSession ID: 3795c11062d51d885d29ccf216a8c36e\r\n\tat java.base/jdk.internal.reflect.NativeConstructorAccessorImpl.newInstance0(Native Method)\r\n\tat java.base/jdk.internal.reflect.NativeConstructorAccessorImpl.newInstance(NativeConstructorAccessorImpl.java:77)\r\n\tat java.base/jdk.internal.reflect.DelegatingConstructorAccessorImpl.newInstance(DelegatingConstructorAccessorImpl.java:45)\r\n\tat java.base/java.lang.reflect.Constructor.newInstanceWithCaller(Constructor.java:499)\r\n\tat java.base/java.lang.reflect.Constructor.newInstance(Constructor.java:480)\r\n\tat org.openqa.selenium.remote.ErrorCodec.decode(ErrorCodec.java:167)\r\n\tat org.openqa.selenium.remote.codec.w3c.W3CHttpResponseCodec.decode(W3CHttpResponseCodec.java:138)\r\n\tat org.openqa.selenium.remote.codec.w3c.W3CHttpResponseCodec.decode(W3CHttpResponseCodec.java:50)\r\n\tat org.openqa.selenium.remote.HttpCommandExecutor.execute(HttpCommandExecutor.java:190)\r\n\tat org.openqa.selenium.remote.service.DriverCommandExecutor.invokeExecute(DriverCommandExecutor.java:216)\r\n\tat org.openqa.selenium.remote.service.DriverCommandExecutor.execute(DriverCommandExecutor.java:174)\r\n\tat org.openqa.selenium.remote.RemoteWebDriver.execute(RemoteWebDriver.java:518)\r\n\tat org.openqa.selenium.remote.ElementLocation$ElementFinder$2.findElement(ElementLocation.java:165)\r\n\tat org.openqa.selenium.remote.ElementLocation.findElement(ElementLocation.java:59)\r\n\tat org.openqa.selenium.remote.RemoteWebDriver.findElement(RemoteWebDriver.java:355)\r\n\tat org.openqa.selenium.remote.RemoteWebDriver.findElement(RemoteWebDriver.java:349)\r\n\tat org.openqa.selenium.support.pagefactory.DefaultElementLocator.findElement(DefaultElementLocator.java:68)\r\n\tat org.openqa.selenium.support.pagefactory.internal.LocatingElementHandler.invoke(LocatingElementHandler.java:38)\r\n\tat jdk.proxy2/jdk.proxy2.$Proxy21.click(Unknown Source)\r\n\tat pageobject.AllcategoriesPageSuccesses.ClickonMakeup(AllcategoriesPageSuccesses.java:104)\r\n\tat stepdefination.Allcategoriespagestep.user_click_on_makeup(Allcategoriespagestep.java:48)\r\n\tat ✽.User click on makeup(file:///C:/Users/shree/eclipse-workspace/Cucumber/features/Allcategories.feature:9)\r\n","duration":2056824600,"status":"failed"},"line":9,"name":"User click on makeup","match":{"location":"stepdefination.Allcategoriespagestep.user_click_on_makeup()"},"keyword":"And "},{"result":{"duration":15907500,"status":"skipped"},"line":10,"name":"user select lips categories product","match":{"location":"stepdefination.Allcategoriespagestep.user_select_lips_categories_product()"},"keyword":"And "},{"result":{"status":"skipped"},"line":11,"name":"user click on product","match":{"location":"stepdefination.Allcategoriespagestep.user_click_on_product()"},"keyword":"And "},{"result":{"status":"skipped"},"line":12,"name":"user click on buy button","match":{"location":"stepdefination.Allcategoriespagestep.user_click_on_buy_button()"},"keyword":"And "},{"result":{"duration":1002000,"status":"skipped"},"line":13,"name":"User fill mobile number1 \"9730079029\"","match":{"arguments":[{"val":"\"9730079029\"","offset":25}],"location":"stepdefination.Allcategoriespagestep.user_fill_mobile_number1(java.lang.String)"},"keyword":"And "},{"result":{"status":"skipped"},"line":14,"name":"User fill password1 \"BAla@123\"","match":{"arguments":[{"val":"\"BAla@123\"","offset":20}],"location":"stepdefination.Allcategoriespagestep.user_fill_password1(java.lang.String)"},"keyword":"And "},{"result":{"status":"skipped"},"line":15,"name":"User enter on the submit button1","match":{"location":"stepdefination.Allcategoriespagestep.user_enter_on_the_submit_button1()"},"keyword":"And "},{"result":{"status":"skipped"},"line":16,"name":"user create his account successesfully","match":{"location":"stepdefination.Allcategoriespagestep.user_create_his_account_successesfully()"},"keyword":"Then "},{"result":{"status":"skipped"},"line":17,"name":"User click  again on aalcategoriespage","match":{"location":"stepdefination.Allcategoriespagestep.user_click_again_on_aalcategoriespage()"},"keyword":"Given "},{"result":{"status":"skipped"},"line":18,"name":"User click on again makeup","match":{"location":"stepdefination.Allcategoriespagestep.user_click_on_again_makeup()"},"keyword":"And "},{"result":{"status":"skipped"},"line":19,"name":"user select agian lips categories product","match":{"location":"stepdefination.Allcategoriespagestep.user_select_agian_lips_categories_product()"},"keyword":"And "},{"result":{"status":"skipped"},"line":20,"name":"user select the product","match":{},"keyword":"And "},{"result":{"status":"skipped"},"line":21,"name":"User click on buy button","match":{"location":"stepdefination.Allcategoriespagestep.user_click_on_buy_button1()"},"keyword":"When "},{"result":{"status":"skipped"},"line":22,"name":"user select palceorder button","match":{"location":"stepdefination.Allcategoriespagestep.user_select_palceorder_button()"},"keyword":"And "},{"result":{"status":"skipped"},"line":23,"name":"user filled all form","match":{"location":"stepdefination.Allcategoriespagestep.user_filled_all_form()"},"keyword":"And "},{"result":{"status":"skipped"},"line":24,"name":"user select save address button","match":{"location":"stepdefination.Allcategoriespagestep.user_select_save_address_button()"},"keyword":"And "},{"result":{"status":"skipped"},"line":25,"name":"user select cheak box","match":{"location":"stepdefination.Allcategoriespagestep.user_select_cheak_box()"},"keyword":"When "},{"result":{"status":"skipped"},"line":26,"name":"user click on select payment Method","match":{"location":"stepdefination.Allcategoriespagestep.user_click_on_select_payment_method()"},"keyword":"And "},{"result":{"status":"skipped"},"line":27,"name":"user click on cash on delivery","match":{"location":"stepdefination.Allcategoriespagestep.user_click_on_cash_on_delivery()"},"keyword":"And "},{"result":{"status":"skipped"},"line":28,"name":"user purchess the cusumize product sccessefully","match":{"location":"stepdefination.Allcategoriespagestep.user_purchess_the_cusumize_product_sccessefully()"},"keyword":"Then "}]}],"name":"Allcategoriespage action","description":"","id":"allcategoriespage-action","keyword":"Feature","uri":"file:features/Allcategories.feature","tags":[]},{"line":1,"elements":[{"line":3,"name":"","description":"","type":"background","keyword":"Background","steps":[{"result":{"duration":6829892500,"status":"passed"},"line":4,"name":"User is on the home pageA","match":{"location":"stepdefination.LoginLogouPageStep.user_is_on_the_home_pageA()"},"keyword":"Given "},{"result":{"duration":2135558300,"status":"passed"},"line":5,"name":"user click on alertB","match":{"location":"stepdefination.LoginLogouPageStep.user_click_on_alert_B()"},"keyword":"Then "}]},{"start_timestamp":"2024-07-01T13:23:21.478Z","line":8,"name":"User login and open poma his account with valid credential","description":"","id":"login-logout-action;user-login-and-open-poma-his-account-with-valid-credential","type":"scenario","keyword":"Scenario","steps":[{"result":{"duration":2088503200,"status":"passed"},"line":9,"name":"User clicks on the login sectionA","match":{"location":"stepdefination.LoginLogouPageStep.user_clicks_on_the_login_section_a()"},"keyword":"When "},{"result":{"duration":2210774400,"status":"passed"},"line":10,"name":"User logs in with username \"9730079029\"","match":{"arguments":[{"val":"\"9730079029\"","offset":27}],"location":"stepdefination.LoginLogouPageStep.user_logs_in_with_username(java.lang.String)"},"keyword":"And "},{"result":{"duration":2164588800,"status":"passed"},"line":11,"name":"User enter password \"BAla@123\"","match":{"arguments":[{"val":"\"BAla@123\"","offset":20}],"location":"stepdefination.LoginLogouPageStep.user_enter_password(java.lang.String)"},"keyword":"And "},{"result":{"duration":2121592900,"status":"passed"},"line":12,"name":"User should be successfully logged","match":{"location":"stepdefination.LoginLogouPageStep.user_should_be_successfully_logged()"},"keyword":"Then "}],"tags":[{"name":"@tag1"}]},{"line":3,"name":"","description":"","type":"background","keyword":"Background","steps":[{"result":{"duration":6678275400,"status":"passed"},"line":4,"name":"User is on the home pageA","match":{"location":"stepdefination.LoginLogouPageStep.user_is_on_the_home_pageA()"},"keyword":"Given "},{"result":{"duration":2113399400,"status":"passed"},"line":5,"name":"user click on alertB","match":{"location":"stepdefination.LoginLogouPageStep.user_click_on_alert_B()"},"keyword":"Then "}]},{"start_timestamp":"2024-07-01T13:23:39.070Z","line":15,"name":"User login and open poma his account with invalid credential","description":"","id":"login-logout-action;user-login-and-open-poma-his-account-with-invalid-credential","type":"scenario","keyword":"Scenario","steps":[{"result":{"duration":2103390800,"status":"passed"},"line":16,"name":"User clicks on the login sectionB","match":{"location":"stepdefination.LoginLogouPageStep.user_clicks_on_the_login_section_b()"},"keyword":"When "},{"result":{"duration":3213469800,"status":"passed"},"line":17,"name":"User logs in with username1 \"97300790\"","match":{"arguments":[{"val":"\"97300790\"","offset":28}],"location":"stepdefination.LoginLogouPageStep.user_logs_in_with_username1(java.lang.String)"},"keyword":"And "},{"result":{"duration":3179045800,"status":"passed"},"line":18,"name":"User enter password1 \"BAla@678\"","match":{"arguments":[{"val":"\"BAla@678\"","offset":21}],"location":"stepdefination.LoginLogouPageStep.user_enter_password1(java.lang.String)"},"keyword":"And "},{"result":{"status":"passed"},"line":19,"name":"User should be unsuccessfully logged","match":{"location":"stepdefination.LoginLogouPageStep.user_should_be_unsuccessfully_logged()"},"keyword":"Then "}],"tags":[{"name":"@tag2"}]},{"line":3,"name":"","description":"","type":"background","keyword":"Background","steps":[{"result":{"duration":7416249500,"status":"passed"},"line":4,"name":"User is on the home pageA","match":{"location":"stepdefination.LoginLogouPageStep.user_is_on_the_home_pageA()"},"keyword":"Given "},{"result":{"duration":2094781300,"status":"passed"},"line":5,"name":"user click on alertB","match":{"location":"stepdefination.LoginLogouPageStep.user_click_on_alert_B()"},"keyword":"Then "}]},{"start_timestamp":"2024-07-01T13:23:56.385Z","line":22,"name":"User logout his account successfully","description":"","id":"login-logout-action;user-logout-his-account-successfully","type":"scenario","keyword":"Scenario","steps":[{"result":{"duration":100365400,"status":"passed"},"line":23,"name":"User clicks on the login sectionC","match":{"location":"stepdefination.LoginLogouPageStep.user_clicks_on_the_login_section_c()"},"keyword":"When "},{"result":{"duration":2212316900,"status":"passed"},"line":24,"name":"User logs in with username \"9730079029\"","match":{"arguments":[{"val":"\"9730079029\"","offset":27}],"location":"stepdefination.LoginLogouPageStep.user_logs_in_with_username(java.lang.String)"},"keyword":"And "},{"result":{"duration":2214961500,"status":"passed"},"line":25,"name":"User enter password \"BAla@123\"","match":{"arguments":[{"val":"\"BAla@123\"","offset":20}],"location":"stepdefination.LoginLogouPageStep.user_enter_password(java.lang.String)"},"keyword":"And "},{"result":{"duration":2131751800,"status":"passed"},"line":26,"name":"User should be successfully logged","match":{"location":"stepdefination.LoginLogouPageStep.user_should_be_successfully_logged()"},"keyword":"Then "},{"result":{"error_message":"org.openqa.selenium.NoSuchElementException: no such element: Unable to locate element: {\"method\":\"xpath\",\"selector\":\"//span[@class='ps-2 cart ng-star-inserted']\"}\n  (Session info: chrome=126.0.6478.127)\nFor documentation on this error, please visit: https://www.selenium.dev/documentation/webdriver/troubleshooting/errors#no-such-element-exception\nBuild info: version: '4.19.1', revision: 'abe0ee07dc'\nSystem info: os.name: 'Windows 11', os.arch: 'amd64', os.version: '10.0', java.version: '17.0.4.1'\nDriver info: org.openqa.selenium.chrome.ChromeDriver\nCommand: [5ab53730f717418c600950057cdbcd54, findElement {value=//span[@class='ps-2 cart ng-star-inserted'], using=xpath}]\nCapabilities {acceptInsecureCerts: false, browserName: chrome, browserVersion: 126.0.6478.127, chrome: {chromedriverVersion: 126.0.6478.63 (df799988fdc9..., userDataDir: C:\\Users\\shree\\AppData\\Loca...}, fedcm:accounts: true, goog:chromeOptions: {debuggerAddress: localhost:61469}, networkConnectionEnabled: false, pageLoadStrategy: normal, platformName: windows, proxy: Proxy(), se:cdp: ws://localhost:61469/devtoo..., se:cdpVersion: 126.0.6478.127, setWindowRect: true, strictFileInteractability: false, timeouts: {implicit: 0, pageLoad: 300000, script: 30000}, unhandledPromptBehavior: dismiss and notify, webauthn:extension:credBlob: true, webauthn:extension:largeBlob: true, webauthn:extension:minPinLength: true, webauthn:extension:prf: true, webauthn:virtualAuthenticators: true}\nSession ID: 5ab53730f717418c600950057cdbcd54\r\n\tat java.base/jdk.internal.reflect.NativeConstructorAccessorImpl.newInstance0(Native Method)\r\n\tat java.base/jdk.internal.reflect.NativeConstructorAccessorImpl.newInstance(NativeConstructorAccessorImpl.java:77)\r\n\tat java.base/jdk.internal.reflect.DelegatingConstructorAccessorImpl.newInstance(DelegatingConstructorAccessorImpl.java:45)\r\n\tat java.base/java.lang.reflect.Constructor.newInstanceWithCaller(Constructor.java:499)\r\n\tat java.base/java.lang.reflect.Constructor.newInstance(Constructor.java:480)\r\n\tat org.openqa.selenium.remote.ErrorCodec.decode(ErrorCodec.java:167)\r\n\tat org.openqa.selenium.remote.codec.w3c.W3CHttpResponseCodec.decode(W3CHttpResponseCodec.java:138)\r\n\tat org.openqa.selenium.remote.codec.w3c.W3CHttpResponseCodec.decode(W3CHttpResponseCodec.java:50)\r\n\tat org.openqa.selenium.remote.HttpCommandExecutor.execute(HttpCommandExecutor.java:190)\r\n\tat org.openqa.selenium.remote.service.DriverCommandExecutor.invokeExecute(DriverCommandExecutor.java:216)\r\n\tat org.openqa.selenium.remote.service.DriverCommandExecutor.execute(DriverCommandExecutor.java:174)\r\n\tat org.openqa.selenium.remote.RemoteWebDriver.execute(RemoteWebDriver.java:518)\r\n\tat org.openqa.selenium.remote.ElementLocation$ElementFinder$2.findElement(ElementLocation.java:165)\r\n\tat org.openqa.selenium.remote.ElementLocation.findElement(ElementLocation.java:59)\r\n\tat org.openqa.selenium.remote.RemoteWebDriver.findElement(RemoteWebDriver.java:355)\r\n\tat org.openqa.selenium.remote.RemoteWebDriver.findElement(RemoteWebDriver.java:349)\r\n\tat org.openqa.selenium.support.pagefactory.DefaultElementLocator.findElement(DefaultElementLocator.java:68)\r\n\tat org.openqa.selenium.support.pagefactory.internal.LocatingElementHandler.invoke(LocatingElementHandler.java:38)\r\n\tat jdk.proxy2/jdk.proxy2.$Proxy21.click(Unknown Source)\r\n\tat pageobject.LoginLogoutPageSuccesses.Clickonprofile(LoginLogoutPageSuccesses.java:121)\r\n\tat stepdefination.LoginLogouPageStep.user_click_on_his_profile_name(LoginLogouPageStep.java:102)\r\n\tat ✽.User click on his profile name(file:///C:/Users/shree/eclipse-workspace/Cucumber/features/Loginlogout.feature:27)\r\n","duration":3032597200,"status":"failed"},"line":27,"name":"User click on his profile name","match":{"location":"stepdefination.LoginLogouPageStep.user_click_on_his_profile_name()"},"keyword":"Given "},{"result":{"status":"skipped"},"line":28,"name":"User select the logout button","match":{"location":"stepdefination.LoginLogouPageStep.user_select_the_logout_button()"},"keyword":"And "}],"tags":[{"name":"@tag3"}]}],"name":"Login Logout Action","description":"","id":"login-logout-action","keyword":"Feature","uri":"file:features/Loginlogout.feature","tags":[]},{"line":1,"elements":[{"start_timestamp":"2024-07-01T13:24:15.629Z","line":3,"name":"user complete his registration","description":"","id":"user-want-to-register-his-on-pumo-e-commerss-website;user-complete-his-registration","type":"scenario","keyword":"Scenario","steps":[{"result":{"duration":7173042700,"status":"passed"},"line":4,"name":"user on pumo home page","match":{"location":"stepdefination.RegisterPageStep.user_on_pumo_home_page()"},"keyword":"Given "},{"result":{"duration":2111621000,"status":"passed"},"line":5,"name":"user enter on alert","match":{"location":"stepdefination.RegisterPageStep.user_enter_on_alert()"},"keyword":"And "},{"result":{"duration":3117694400,"status":"passed"},"line":6,"name":"User click on register","match":{"location":"stepdefination.RegisterPageStep.user_clicks_on_register()"},"keyword":"When "},{"result":{"duration":3229270300,"status":"passed"},"line":7,"name":"User Enter the name \"raju\"","match":{"arguments":[{"val":"\"raju\"","offset":20}],"location":"stepdefination.RegisterPageStep.user_enter_the_name(java.lang.String)"},"keyword":"And "},{"result":{"duration":3196970300,"status":"passed"},"line":8,"name":"User Enter the number \"9730079029\"","match":{"arguments":[{"val":"\"9730079029\"","offset":22}],"location":"stepdefination.RegisterPageStep.user_enter_the_number(java.lang.String)"},"keyword":"And "},{"result":{"duration":3284156900,"status":"passed"},"line":9,"name":"User Enter the mail \"balajiahaiabatpure@gmail.com\"","match":{"arguments":[{"val":"\"balajiahaiabatpure@gmail.com\"","offset":20}],"location":"stepdefination.RegisterPageStep.user_enter_the_mail(java.lang.String)"},"keyword":"And "},{"result":{"duration":3168332200,"status":"passed"},"line":10,"name":"User Enter the password \"BAla@123\"","match":{"arguments":[{"val":"\"BAla@123\"","offset":24}],"location":"stepdefination.RegisterPageStep.user_enter_the_password(java.lang.String)"},"keyword":"And "},{"result":{"duration":167152800,"status":"passed"},"line":11,"name":"User Enter the conformpassword\"BAla@123\"","match":{"arguments":[{"val":"123","offset":36}],"location":"stepdefination.RegisterPageStep.user_enter_the_conformpassword_b_ala(java.lang.Integer)"},"keyword":"And "},{"result":{"duration":170488700,"status":"passed"},"line":12,"name":"User click on submit button","match":{"location":"stepdefination.RegisterPageStep.user_clicks_on_submit_button()"},"keyword":"And "},{"result":{"status":"passed"},"line":13,"name":"User complete his registration jurany successfully","match":{"location":"stepdefination.RegisterPageStep.user_complete_his_registration_jurany_successfully()"},"keyword":"Then "}]}],"name":"user want to register his on pumo E-commerss website","description":"","id":"user-want-to-register-his-on-pumo-e-commerss-website","keyword":"Feature","uri":"file:features/Register.feature","tags":[]},{"line":1,"elements":[{"line":3,"name":"","description":"","type":"background","keyword":"Background","steps":[{"result":{"duration":9163220500,"status":"passed"},"line":4,"name":"User is on the home page","match":{"location":"stepdefination.Pomahomestep.user_is_on_the_home_page()"},"keyword":"Given "},{"result":{"duration":384394900,"status":"passed"},"line":5,"name":"user click on alert","match":{"location":"stepdefination.Pomahomestep.user_click_on_alert()"},"keyword":"Then "}]},{"start_timestamp":"2024-07-01T13:24:41.283Z","line":7,"name":"Perform Shopping Journey","description":"","id":"home-page-actions;perform-shopping-journey","type":"scenario","keyword":"Scenario","steps":[{"result":{"duration":2630613200,"status":"passed"},"line":8,"name":"User searches for \"Fashion Colour Studio Finish HD Powder Palette\"","match":{"arguments":[{"val":"\"Fashion Colour Studio Finish HD Powder Palette\"","offset":18}],"location":"stepdefination.Pomahomestep.user_searches_for(java.lang.String)"},"keyword":"When "},{"result":{"duration":2109565700,"status":"passed"},"line":9,"name":"user click on searchproduct","match":{"location":"stepdefination.Pomahomestep.user_click_on_searchproduct()"},"keyword":"And "},{"result":{"error_message":"org.openqa.selenium.NoSuchElementException: no such element: Unable to locate element: {\"method\":\"xpath\",\"selector\":\"//img[@src='https://res.cloudinary.com/diutessme/image/upload/v1711711468/file_oskgjv.webp']\"}\n  (Session info: chrome=126.0.6478.127)\nFor documentation on this error, please visit: https://www.selenium.dev/documentation/webdriver/troubleshooting/errors#no-such-element-exception\nBuild info: version: '4.19.1', revision: 'abe0ee07dc'\nSystem info: os.name: 'Windows 11', os.arch: 'amd64', os.version: '10.0', java.version: '17.0.4.1'\nDriver info: org.openqa.selenium.chrome.ChromeDriver\nCommand: [00812c6dbe1ba8a49fc698b9c37b10d7, findElement {value=//img[@src='https://res.cloudinary.com/diutessme/image/upload/v1711711468/file_oskgjv.webp'], using=xpath}]\nCapabilities {acceptInsecureCerts: false, browserName: chrome, browserVersion: 126.0.6478.127, chrome: {chromedriverVersion: 126.0.6478.63 (df799988fdc9..., userDataDir: C:\\Users\\shree\\AppData\\Loca...}, fedcm:accounts: true, goog:chromeOptions: {debuggerAddress: localhost:61664}, networkConnectionEnabled: false, pageLoadStrategy: normal, platformName: windows, proxy: Proxy(), se:cdp: ws://localhost:61664/devtoo..., se:cdpVersion: 126.0.6478.127, setWindowRect: true, strictFileInteractability: false, timeouts: {implicit: 0, pageLoad: 300000, script: 30000}, unhandledPromptBehavior: dismiss and notify, webauthn:extension:credBlob: true, webauthn:extension:largeBlob: true, webauthn:extension:minPinLength: true, webauthn:extension:prf: true, webauthn:virtualAuthenticators: true}\nSession ID: 00812c6dbe1ba8a49fc698b9c37b10d7\r\n\tat java.base/jdk.internal.reflect.NativeConstructorAccessorImpl.newInstance0(Native Method)\r\n\tat java.base/jdk.internal.reflect.NativeConstructorAccessorImpl.newInstance(NativeConstructorAccessorImpl.java:77)\r\n\tat java.base/jdk.internal.reflect.DelegatingConstructorAccessorImpl.newInstance(DelegatingConstructorAccessorImpl.java:45)\r\n\tat java.base/java.lang.reflect.Constructor.newInstanceWithCaller(Constructor.java:499)\r\n\tat java.base/java.lang.reflect.Constructor.newInstance(Constructor.java:480)\r\n\tat org.openqa.selenium.remote.ErrorCodec.decode(ErrorCodec.java:167)\r\n\tat org.openqa.selenium.remote.codec.w3c.W3CHttpResponseCodec.decode(W3CHttpResponseCodec.java:138)\r\n\tat org.openqa.selenium.remote.codec.w3c.W3CHttpResponseCodec.decode(W3CHttpResponseCodec.java:50)\r\n\tat org.openqa.selenium.remote.HttpCommandExecutor.execute(HttpCommandExecutor.java:190)\r\n\tat org.openqa.selenium.remote.service.DriverCommandExecutor.invokeExecute(DriverCommandExecutor.java:216)\r\n\tat org.openqa.selenium.remote.service.DriverCommandExecutor.execute(DriverCommandExecutor.java:174)\r\n\tat org.openqa.selenium.remote.RemoteWebDriver.execute(RemoteWebDriver.java:518)\r\n\tat org.openqa.selenium.remote.ElementLocation$ElementFinder$2.findElement(ElementLocation.java:165)\r\n\tat org.openqa.selenium.remote.ElementLocation.findElement(ElementLocation.java:59)\r\n\tat org.openqa.selenium.remote.RemoteWebDriver.findElement(RemoteWebDriver.java:355)\r\n\tat org.openqa.selenium.remote.RemoteWebDriver.findElement(RemoteWebDriver.java:349)\r\n\tat org.openqa.selenium.support.pagefactory.DefaultElementLocator.findElement(DefaultElementLocator.java:68)\r\n\tat org.openqa.selenium.support.pagefactory.internal.LocatingElementHandler.invoke(LocatingElementHandler.java:38)\r\n\tat jdk.proxy2/jdk.proxy2.$Proxy21.click(Unknown Source)\r\n\tat pageobject.HomepageSuccess.clickOnPowderPlateImage(HomepageSuccess.java:110)\r\n\tat stepdefination.Pomahomestep.user_clicks_on_a_product_photo(Pomahomestep.java:64)\r\n\tat ✽.User clicks on a product photo(file:///C:/Users/shree/eclipse-workspace/Cucumber/features/homelogin.feature:10)\r\n","duration":2039542500,"status":"failed"},"line":10,"name":"User clicks on a product photo","match":{"location":"stepdefination.Pomahomestep.user_clicks_on_a_product_photo()"},"keyword":"Then "},{"result":{"status":"skipped"},"line":11,"name":"user click on cart","match":{"location":"stepdefination.Pomahomestep.user_click_on_cart()"},"keyword":"When "},{"result":{"status":"skipped"},"line":12,"name":"User enters mobile number \"9730079029\"","match":{"arguments":[{"val":"\"9730079029\"","offset":26}],"location":"stepdefination.Pomahomestep.user_enters_mobile_number(java.lang.String)"},"keyword":"When "},{"result":{"status":"skipped"},"line":13,"name":"User enters password \"BAla@123\"","match":{"arguments":[{"val":"\"BAla@123\"","offset":21}],"location":"stepdefination.Pomahomestep.user_enters_password(java.lang.String)"},"keyword":"And "},{"result":{"status":"skipped"},"line":14,"name":"User clicks on the submit button","match":{"location":"stepdefination.Pomahomestep.user_clicks_on_the_submit_button()"},"keyword":"And "}]},{"line":3,"name":"","description":"","type":"background","keyword":"Background","steps":[{"result":{"duration":11149791000,"status":"passed"},"line":4,"name":"User is on the home page","match":{"location":"stepdefination.Pomahomestep.user_is_on_the_home_page()"},"keyword":"Given "},{"result":{"duration":444881600,"status":"passed"},"line":5,"name":"user click on alert","match":{"location":"stepdefination.Pomahomestep.user_click_on_alert()"},"keyword":"Then "}]},{"start_timestamp":"2024-07-01T13:24:57.655Z","line":16,"name":"perfrom shopping with anoter product","description":"","id":"home-page-actions;perfrom-shopping-with-anoter-product","type":"scenario","keyword":"Scenario","steps":[{"result":{"error_message":"org.openqa.selenium.NoSuchElementException: no such element: Unable to locate element: {\"method\":\"xpath\",\"selector\":\"(//div[@class='image col-md-4 col-6 ng-star-inserted'])[1]\"}\n  (Session info: chrome=126.0.6478.127)\nFor documentation on this error, please visit: https://www.selenium.dev/documentation/webdriver/troubleshooting/errors#no-such-element-exception\nBuild info: version: '4.19.1', revision: 'abe0ee07dc'\nSystem info: os.name: 'Windows 11', os.arch: 'amd64', os.version: '10.0', java.version: '17.0.4.1'\nDriver info: org.openqa.selenium.chrome.ChromeDriver\nCommand: [80f369d9d99f2330cdfc0110a0e32f5e, findElement {value=(//div[@class='image col-md-4 col-6 ng-star-inserted'])[1], using=xpath}]\nCapabilities {acceptInsecureCerts: false, browserName: chrome, browserVersion: 126.0.6478.127, chrome: {chromedriverVersion: 126.0.6478.63 (df799988fdc9..., userDataDir: C:\\Users\\shree\\AppData\\Loca...}, fedcm:accounts: true, goog:chromeOptions: {debuggerAddress: localhost:61741}, networkConnectionEnabled: false, pageLoadStrategy: normal, platformName: windows, proxy: Proxy(), se:cdp: ws://localhost:61741/devtoo..., se:cdpVersion: 126.0.6478.127, setWindowRect: true, strictFileInteractability: false, timeouts: {implicit: 0, pageLoad: 300000, script: 30000}, unhandledPromptBehavior: dismiss and notify, webauthn:extension:credBlob: true, webauthn:extension:largeBlob: true, webauthn:extension:minPinLength: true, webauthn:extension:prf: true, webauthn:virtualAuthenticators: true}\nSession ID: 80f369d9d99f2330cdfc0110a0e32f5e\r\n\tat java.base/jdk.internal.reflect.NativeConstructorAccessorImpl.newInstance0(Native Method)\r\n\tat java.base/jdk.internal.reflect.NativeConstructorAccessorImpl.newInstance(NativeConstructorAccessorImpl.java:77)\r\n\tat java.base/jdk.internal.reflect.DelegatingConstructorAccessorImpl.newInstance(DelegatingConstructorAccessorImpl.java:45)\r\n\tat java.base/java.lang.reflect.Constructor.newInstanceWithCaller(Constructor.java:499)\r\n\tat java.base/java.lang.reflect.Constructor.newInstance(Constructor.java:480)\r\n\tat org.openqa.selenium.remote.ErrorCodec.decode(ErrorCodec.java:167)\r\n\tat org.openqa.selenium.remote.codec.w3c.W3CHttpResponseCodec.decode(W3CHttpResponseCodec.java:138)\r\n\tat org.openqa.selenium.remote.codec.w3c.W3CHttpResponseCodec.decode(W3CHttpResponseCodec.java:50)\r\n\tat org.openqa.selenium.remote.HttpCommandExecutor.execute(HttpCommandExecutor.java:190)\r\n\tat org.openqa.selenium.remote.service.DriverCommandExecutor.invokeExecute(DriverCommandExecutor.java:216)\r\n\tat org.openqa.selenium.remote.service.DriverCommandExecutor.execute(DriverCommandExecutor.java:174)\r\n\tat org.openqa.selenium.remote.RemoteWebDriver.execute(RemoteWebDriver.java:518)\r\n\tat org.openqa.selenium.remote.ElementLocation$ElementFinder$2.findElement(ElementLocation.java:165)\r\n\tat org.openqa.selenium.remote.ElementLocation.findElement(ElementLocation.java:59)\r\n\tat org.openqa.selenium.remote.RemoteWebDriver.findElement(RemoteWebDriver.java:355)\r\n\tat org.openqa.selenium.remote.RemoteWebDriver.findElement(RemoteWebDriver.java:349)\r\n\tat org.openqa.selenium.support.pagefactory.DefaultElementLocator.findElement(DefaultElementLocator.java:68)\r\n\tat org.openqa.selenium.support.pagefactory.internal.LocatingElementHandler.invoke(LocatingElementHandler.java:38)\r\n\tat jdk.proxy2/jdk.proxy2.$Proxy21.click(Unknown Source)\r\n\tat pageobject.HomepageSuccess.clickOnSpectrumImage(HomepageSuccess.java:130)\r\n\tat stepdefination.Pomahomestep.user_click_on_spectrumimg_product(Pomahomestep.java:97)\r\n\tat ✽.User click on spectrumimg product(file:///C:/Users/shree/eclipse-workspace/Cucumber/features/homelogin.feature:17)\r\n","duration":4066965500,"status":"failed"},"line":17,"name":"User click on spectrumimg product","match":{"location":"stepdefination.Pomahomestep.user_click_on_spectrumimg_product()"},"keyword":"And "},{"result":{"duration":965500,"status":"skipped"},"line":18,"name":"User click on buy","match":{"location":"stepdefination.Pomahomestep.user_click_on_buy()"},"keyword":"When "},{"result":{"status":"skipped"},"line":19,"name":"User fill mobile number \"9730079029\"","match":{"arguments":[{"val":"\"9730079029\"","offset":24}],"location":"stepdefination.Pomahomestep.user_fill_mobile_number(java.lang.String)"},"keyword":"And "},{"result":{"status":"skipped"},"line":20,"name":"User fill password \"BAla@123\"","match":{"arguments":[{"val":"\"BAla@123\"","offset":19}],"location":"stepdefination.Pomahomestep.user_fill_password(java.lang.String)"},"keyword":"And "},{"result":{"status":"skipped"},"line":21,"name":"User enter on the submit button","match":{"location":"stepdefination.Pomahomestep.user_enter_on_the_submit_button()"},"keyword":"And "},{"result":{"status":"skipped"},"line":22,"name":"User click on a spectrumimg product photo","match":{"location":"stepdefination.Pomahomestep.user_click_on_a_spectrumimg_product_photo()"},"keyword":"Then "},{"result":{"duration":844100,"status":"skipped"},"line":23,"name":"User again Click on buy","match":{"location":"stepdefination.Pomahomestep.user_again_click_on_buy()"},"keyword":"And "},{"result":{"status":"skipped"},"line":24,"name":"User click on palce order button","match":{"location":"stepdefination.Pomahomestep.user_click_on_palce_order_button()"},"keyword":"When "},{"result":{"status":"skipped"},"line":25,"name":"User filled all form","match":{"location":"stepdefination.Pomahomestep.user_filled_all_form()"},"keyword":"Then "},{"result":{"status":"skipped"},"line":26,"name":"User click on saveaddress button","match":{"location":"stepdefination.Pomahomestep.user_click_on_saveaddress_button()"},"keyword":"And "},{"result":{"status":"skipped"},"line":27,"name":"User click on radio button","match":{"location":"stepdefination.Pomahomestep.user_click_on_radio_button()"},"keyword":"When "},{"result":{"status":"skipped"},"line":28,"name":"user click on select payment Method1","match":{"location":"stepdefination.Pomahomestep.user_click_on_select_payment_method1()"},"keyword":"And "},{"result":{"status":"skipped"},"line":29,"name":"User click on place order 2","match":{"location":"stepdefination.Pomahomestep.user_click_on_place_order()"},"keyword":"Then "}]}],"name":"Home Page Actions","description":"","id":"home-page-actions","keyword":"Feature","uri":"file:features/homelogin.feature","tags":[]}]